e:\vs_project\qyhsengine\x64\debug\qyhsruntime.pdb
e:\vs_project\qyhsengine\x64\debug\qyhsruntime.idb
e:\vs_project\qyhsengine\qyhsruntime\x64\debug\window_system.obj
e:\vs_project\qyhsengine\qyhsruntime\x64\debug\texture.obj
e:\vs_project\qyhsengine\qyhsruntime\x64\debug\vulkan_rhi.obj
e:\vs_project\qyhsengine\qyhsruntime\x64\debug\render_system.obj
e:\vs_project\qyhsengine\qyhsruntime\x64\debug\render_pipeline_base.obj
e:\vs_project\qyhsengine\qyhsruntime\x64\debug\render_pipeline.obj
e:\vs_project\qyhsengine\qyhsruntime\x64\debug\render_camera.obj
e:\vs_project\qyhsengine\qyhsruntime\x64\debug\model.obj
e:\vs_project\qyhsengine\qyhsruntime\x64\debug\global_context.obj
e:\vs_project\qyhsengine\qyhsruntime\x64\debug\engine.obj
e:\vs_project\qyhsengine\qyhsruntime\x64\debug\log_system.obj
e:\vs_project\qyhsengine\x64\debug\qyhsruntime.lib
e:\vs_project\qyhsengine\qyhsruntime\x64\debug\qyhsruntime.tlog\cl.command.1.tlog
e:\vs_project\qyhsengine\qyhsruntime\x64\debug\qyhsruntime.tlog\cl.read.1.tlog
e:\vs_project\qyhsengine\qyhsruntime\x64\debug\qyhsruntime.tlog\cl.write.1.tlog
e:\vs_project\qyhsengine\qyhsruntime\x64\debug\qyhsruntime.tlog\lib-link.read.1.tlog
e:\vs_project\qyhsengine\qyhsruntime\x64\debug\qyhsruntime.tlog\lib-link.write.1.tlog
e:\vs_project\qyhsengine\qyhsruntime\x64\debug\qyhsruntime.tlog\lib.command.1.tlog
