  1>
  ************************************************************* 
  **** [Precompile] BEGIN 
  E:/VS_Project/QyhsEngine/engine/bin/QyhsParser.exe
  E:/VS_Project/QyhsEngine/engine/bin/precompile.json
  E:/VS_Project/QyhsEngine/parser_header.h
  
  Parsing meta data for target "Qyhs"
  Parsing project fileE:/VS_Project/QyhsEngine/engine/bin/precompile.json
  Generating source include file:E:/VS_Project/QyhsEngine/parser_header.h
  Parsing the whole project 
  E:/VS_Project/QyhsEngine/parser_header.h
  std
  tr1
  std
  std
  std
  std
  std
  std
  std
  _Has_ADL_swap_detail
  tr1
  std
  std
  std
  std
  std
  std
  std
  std
  std
  std
  std
  std
  rel_ops
  tr1
  std
  std
  std
  literals
  string_literals
  std
  QYHS
  std
  tr1
  std
  std
  std
  std
  placeholders
  tr1
  placeholders
  std
  std
  std
  std
  std
  std
  std
  stdext
  std
  std
  tr1
  std
  tr1
  QYHS
  Reflection
  QYHS
  QYHS
  std
  stdext
  std
  std
  std
  std
  std
  std
  std
  tr1
  std
  std
  std
  std
  std
  std
  std
  std
  tr1
  std
  std
  std
  experimental
  filesystem
  v1
  QYHS
  std
  std
  std
  chrono
  chrono
  chrono
  literals
  chrono_literals
  chrono
  std
  tr1
  std
  std
  QYHS
  QYHS
  QYHS
  std
  QYHS
  QYHS
  QYHS
  Reflection
  TypeFieldReflectionOparator
  QYHS
  Reflection
  TypeFieldReflectionOparator
  QYHS
  QYHS
  QYHS
  QYHS
  QYHS
  QYHS
  QYHS
  QYHS
  QYHS
  QYHS
  QYHS
  QYHS
  QYHS
  QYHS
  QYHS
  QYHS
  QYHS
  std
  QYHS
  QYHS
  QYHS
  std
  QYHS
  std
  QYHS
  QYHS
  QYHS
  Reflection
  TypeFieldReflectionOparator
  QYHS
  QYHS
  Reflection
  TypeFieldReflectionOparator
  QYHS
  QYHS
  Reflection
  TypeFieldReflectionOparator
  QYHS
  QYHS
  QYHS
  QYHS
  QYHS
  QYHS
  Start generate runtime schemas(5)...
  Completed in 377 ms
  +++ Precompile finished +++
