e:\vs_project\qyhsengine\engine\source\meta_parser\qyhsparser.dir\debug\parser.obj
e:\vs_project\qyhsengine\engine\source\meta_parser\qyhsparser.dir\debug\utils.obj
e:\vs_project\qyhsengine\engine\source\meta_parser\qyhsparser.dir\debug\cursor_type.obj
e:\vs_project\qyhsengine\engine\source\meta_parser\qyhsparser.dir\debug\class.obj
e:\vs_project\qyhsengine\engine\source\meta_parser\qyhsparser.dir\debug\meta_info.obj
e:\vs_project\qyhsengine\engine\source\meta_parser\qyhsparser.dir\debug\template_manager.obj
e:\vs_project\qyhsengine\engine\source\meta_parser\qyhsparser.dir\debug\serializer_generator.obj
e:\vs_project\qyhsengine\engine\source\meta_parser\qyhsparser.dir\debug\field.obj
e:\vs_project\qyhsengine\engine\source\meta_parser\qyhsparser.dir\debug\generator.obj
e:\vs_project\qyhsengine\engine\source\meta_parser\qyhsparser.dir\debug\type_info.obj
e:\vs_project\qyhsengine\engine\source\meta_parser\qyhsparser.dir\debug\reflection_generator.obj
e:\vs_project\qyhsengine\engine\source\meta_parser\qyhsparser.dir\debug\main.obj
e:\vs_project\qyhsengine\engine\source\meta_parser\qyhsparser.dir\debug\cursor.obj
e:\vs_project\qyhsengine\engine\source\meta_parser\qyhsparser.dir\debug\vc143.pdb
e:\vs_project\qyhsengine\engine\source\meta_parser\cmakefiles\generate.stamp
e:\vs_project\qyhsengine\engine\source\meta_parser\qyhsparser.dir\debug\qyhsparser.ilk
e:\vs_project\qyhsengine\engine\bin\qyhsparser.exe
e:\vs_project\qyhsengine\engine\bin\qyhsparser.pdb
e:\vs_project\qyhsengine\engine\source\meta_parser\qyhsparser.dir\debug\qyhsparser.tlog\cl.13180.write.1.tlog
e:\vs_project\qyhsengine\engine\source\meta_parser\qyhsparser.dir\debug\qyhsparser.tlog\cl.command.1.tlog
e:\vs_project\qyhsengine\engine\source\meta_parser\qyhsparser.dir\debug\qyhsparser.tlog\cl.items.tlog
e:\vs_project\qyhsengine\engine\source\meta_parser\qyhsparser.dir\debug\qyhsparser.tlog\cl.read.1.tlog
e:\vs_project\qyhsengine\engine\source\meta_parser\qyhsparser.dir\debug\qyhsparser.tlog\custombuild.command.1.tlog
e:\vs_project\qyhsengine\engine\source\meta_parser\qyhsparser.dir\debug\qyhsparser.tlog\custombuild.read.1.tlog
e:\vs_project\qyhsengine\engine\source\meta_parser\qyhsparser.dir\debug\qyhsparser.tlog\custombuild.write.1.tlog
e:\vs_project\qyhsengine\engine\source\meta_parser\qyhsparser.dir\debug\qyhsparser.tlog\link.command.1.tlog
e:\vs_project\qyhsengine\engine\source\meta_parser\qyhsparser.dir\debug\qyhsparser.tlog\link.read.1.tlog
e:\vs_project\qyhsengine\engine\source\meta_parser\qyhsparser.dir\debug\qyhsparser.tlog\link.write.1.tlog
